Using pre-set license
Built from '2020.3/staging' branch; Version is '2020.3.21f1 (a38c86f6690f) revision 10718342'; Using compiler version '192528614'; Build Type 'Release'
OS: 'Windows 10 Pro; OS build 19043.1288; Version 2009; 64bit' Language: 'en' Physical Memory: 11228 MB
BatchMode: 1, IsHumanControllingUs: 0, StartBugReporterOnCrash: 0, Is64bit: 1, IsPro: 0

COMMAND LINE ARGUMENTS:
D:\Aplikasi dan Game\Unity Editor\2020.3.21f1\Editor\Unity.exe
-adb2
-batchMode
-noUpm
-name
AssetImportWorker2
-projectPath
D:/Teknik Informatika/Grafika Komputer/Tugas Besar/ProjectGame/ProjectGrafikaKomputer
-logFile
Logs/AssetImportWorker2.log
-srvPort
1236
Successfully changed project path to: D:/Teknik Informatika/Grafika Komputer/Tugas Besar/ProjectGame/ProjectGrafikaKomputer
D:/Teknik Informatika/Grafika Komputer/Tugas Besar/ProjectGame/ProjectGrafikaKomputer
Using Asset Import Pipeline V2.
Refreshing native plugins compatible for Editor in 605.15 ms, found 3 plugins.
Preloading 0 native plugins for Editor in 0.00 ms.
Initialize engine version: 2020.3.21f1 (a38c86f6690f)
[Subsystems] Discovering subsystems at path D:/Aplikasi dan Game/Unity Editor/2020.3.21f1/Editor/Data/Resources/UnitySubsystems
[Subsystems] Discovering subsystems at path D:/Teknik Informatika/Grafika Komputer/Tugas Besar/ProjectGame/ProjectGrafikaKomputer/Assets
GfxDevice: creating device client; threaded=0
Direct3D:
    Version:  Direct3D 11.0 [level 11.1]
    Renderer: AMD Radeon(TM) R5 Graphics (ID=0x9851)
    Vendor:   
    VRAM:     1007 MB
    Driver:   21.19.144.1281
Initialize mono
Mono path[0] = 'D:/Aplikasi dan Game/Unity Editor/2020.3.21f1/Editor/Data/Managed'
Mono path[1] = 'D:/Aplikasi dan Game/Unity Editor/2020.3.21f1/Editor/Data/MonoBleedingEdge/lib/mono/unityjit'
Mono config path = 'D:/Aplikasi dan Game/Unity Editor/2020.3.21f1/Editor/Data/MonoBleedingEdge/etc'
Using monoOptions --debugger-agent=transport=dt_socket,embedding=1,server=y,suspend=n,address=127.0.0.1:56100
Begin MonoManager ReloadAssembly
Registering precompiled unity dll's ...
Register platform support module: D:/Aplikasi dan Game/Unity Editor/2020.3.21f1/Editor/Data/PlaybackEngines/WindowsStandaloneSupport/UnityEditor.WindowsStandalone.Extensions.dll
Registered in 0.008456 seconds.
Native extension for WindowsStandalone target not found
Refreshing native plugins compatible for Editor in 504.80 ms, found 3 plugins.
Preloading 0 native plugins for Editor in 0.00 ms.
Mono: successfully reloaded assembly
- Completed reload, in 14.460 seconds
Domain Reload Profiling:
	ReloadAssembly (14461ms)
		BeginReloadAssembly (422ms)
			ExecutionOrderSort (0ms)
			DisableScriptedObjects (0ms)
			BackupInstance (0ms)
			ReleaseScriptingObjects (0ms)
			CreateAndSetChildDomain (6ms)
		EndReloadAssembly (4290ms)
			LoadAssemblies (416ms)
			RebuildTransferFunctionScriptingTraits (1ms)
			SetupTypeCache (1430ms)
			ReleaseScriptCaches (0ms)
			RebuildScriptCaches (278ms)
			SetupLoadedEditorAssemblies (1816ms)
				LogAssemblyErrors (0ms)
				InitializePlatformSupportModulesInManaged (23ms)
				SetLoadedEditorAssemblies (1ms)
				RefreshPlugins (506ms)
				BeforeProcessingInitializeOnLoad (100ms)
				ProcessInitializeOnLoadAttributes (954ms)
				ProcessInitializeOnLoadMethodAttributes (230ms)
				AfterProcessingInitializeOnLoad (0ms)
				EditorAssembliesLoaded (2ms)
			ExecutionOrderSort2 (0ms)
			AwakeInstancesAfterBackupRestoration (0ms)
Platform modules already initialized, skipping
Registering precompiled user dll's ...
Registered in 0.031123 seconds.
Begin MonoManager ReloadAssembly
